2025-02-03 21:46:00 | INFO | repo=Filmgunu | action=commit
2025-08-25 17:00:00 | DEBUG | repo=Filmgunu | action=commit
2025-02-11 19:50:00 | DEBUG | repo=Filmgunu | action=commit
2025-12-18 11:12:00 | WARN | repo=Filmgunu | action=commit
2025-03-14 20:40:00 | WARN | repo=Filmgunu | action=commit
2025-03-26 10:44:00 | INFO | repo=Filmgunu | action=commit
2025-11-05 08:01:00 | DEBUG | repo=Filmgunu | action=commit
2025-10-15 09:13:00 | DEBUG | repo=Filmgunu | action=edit | files=3
2025-10-17 16:26:00 | DEBUG | repo=Filmgunu | action=commit
2025-02-20 19:36:00 | INFO | repo=Filmgunu | action=test | passed=true
2025-06-08 19:18:00 | INFO | repo=Filmgunu | action=test | passed=true
2025-08-15 19:44:00 | WARN | repo=Filmgunu | action=edit | files=5
2025-04-28 19:21:00 | WARN | repo=Filmgunu | action=commit
2025-07-16 08:17:00 | DEBUG | repo=Filmgunu | action=commit
2025-06-03 13:15:00 | DEBUG | repo=Filmgunu | action=edit | files=2
2025-04-26 09:15:00 | WARN | repo=Filmgunu | action=commit
2025-09-05 16:10:00 | DEBUG | repo=Filmgunu | action=commit
2025-10-09 08:19:00 | DEBUG | repo=Filmgunu | action=test | passed=true
2025-03-15 07:25:00 | INFO | repo=Filmgunu | action=pull
2025-12-17 13:45:00 | INFO | repo=Filmgunu | action=commit
2025-10-11 20:27:00 | WARN | repo=Filmgunu | action=commit
2025-09-21 10:55:00 | WARN | repo=Filmgunu | action=commit
2025-05-09 09:29:00 | INFO | repo=Filmgunu | action=commit
2025-07-05 12:33:00 | DEBUG | repo=Filmgunu | action=commit
2025-01-11 21:35:00 | INFO | repo=Filmgunu | action=commit
2025-02-12 16:41:00 | INFO | repo=Filmgunu | action=commit
2025-05-20 13:38:00 | WARN | repo=Filmgunu | action=commit
2025-07-10 17:30:00 | DEBUG | repo=Filmgunu | action=commit
2025-05-05 07:28:00 | INFO | repo=Filmgunu | action=commit
2025-02-26 20:23:00 | DEBUG | repo=Filmgunu | action=commit
2025-09-12 15:27:00 | INFO | repo=Filmgunu | action=commit
2025-11-03 12:52:00 | WARN | repo=Filmgunu | action=commit
2025-04-21 14:56:00 | DEBUG | repo=Filmgunu | action=commit
2025-09-03 08:50:00 | INFO | repo=Filmgunu | action=commit
2025-02-07 11:19:00 | INFO | repo=Filmgunu | action=commit
2025-01-09 18:43:00 | WARN | repo=Filmgunu | action=test | passed=true
2025-06-25 13:35:00 | INFO | repo=Filmgunu | action=commit
2025-01-08 07:33:00 | WARN | repo=Filmgunu | action=commit
2025-05-05 08:23:00 | DEBUG | repo=Filmgunu | action=pull
2025-11-16 17:22:00 | DEBUG | repo=Filmgunu | action=commit
2025-11-10 10:09:00 | INFO | repo=Filmgunu | action=commit
2025-12-01 08:34:00 | DEBUG | repo=Filmgunu | action=pull
2025-11-08 17:32:00 | DEBUG | repo=Filmgunu | action=commit
2025-07-15 11:27:00 | WARN | repo=Filmgunu | action=commit
2025-06-22 11:26:00 | DEBUG | repo=Filmgunu | action=commit
2025-05-28 11:52:00 | WARN | repo=Filmgunu | action=edit | files=2
2025-08-01 19:16:00 | INFO | repo=Filmgunu | action=commit
2025-09-28 09:57:00 | INFO | repo=Filmgunu | action=commit
2025-12-27 18:35:00 | DEBUG | repo=Filmgunu | action=edit | files=2
2025-08-12 08:22:00 | WARN | repo=Filmgunu | action=commit
2025-07-18 15:35:00 | INFO | repo=Filmgunu | action=commit
2025-10-24 21:01:00 | WARN | repo=Filmgunu | action=edit | files=2
2025-02-17 10:15:00 | WARN | repo=Filmgunu | action=commit
2025-09-20 09:06:00 | DEBUG | repo=Filmgunu | action=pull
2025-09-03 10:31:00 | DEBUG | repo=Filmgunu | action=commit
2025-04-05 15:25:00 | DEBUG | repo=Filmgunu | action=commit
2025-04-16 19:37:00 | INFO | repo=Filmgunu | action=test | passed=true
2025-04-14 20:11:00 | WARN | repo=Filmgunu | action=commit
2025-11-20 12:17:00 | WARN | repo=Filmgunu | action=commit
2025-12-06 07:03:00 | INFO | repo=Filmgunu | action=edit | files=5
2025-11-01 17:50:00 | INFO | repo=Filmgunu | action=commit
2025-07-27 07:59:00 | WARN | repo=Filmgunu | action=commit
2025-03-06 20:12:00 | DEBUG | repo=Filmgunu | action=pull
2025-02-21 13:48:00 | WARN | repo=Filmgunu | action=edit | files=4
2025-12-03 20:38:00 | DEBUG | repo=Filmgunu | action=commit
2025-11-13 16:02:00 | WARN | repo=Filmgunu | action=commit
2025-12-23 17:19:00 | WARN | repo=Filmgunu | action=commit
2025-04-05 17:19:00 | INFO | repo=Filmgunu | action=commit
2025-12-05 16:05:00 | DEBUG | repo=Filmgunu | action=commit
2025-11-18 14:09:00 | DEBUG | repo=Filmgunu | action=commit
2025-07-01 13:21:00 | DEBUG | repo=Filmgunu | action=commit
2025-07-09 18:16:00 | DEBUG | repo=Filmgunu | action=commit
2025-09-16 17:24:00 | WARN | repo=Filmgunu | action=commit
2025-05-02 17:57:00 | INFO | repo=Filmgunu | action=commit
2025-08-16 07:13:00 | DEBUG | repo=Filmgunu | action=commit
2025-03-12 12:48:00 | INFO | repo=Filmgunu | action=commit
2025-01-23 21:46:00 | DEBUG | repo=Filmgunu | action=commit
2025-06-24 13:55:00 | DEBUG | repo=Filmgunu | action=test | passed=true
2025-12-18 07:11:00 | INFO | repo=Filmgunu | action=commit
2025-08-01 07:36:00 | WARN | repo=Filmgunu | action=edit | files=5
2025-03-01 21:16:00 | DEBUG | repo=Filmgunu | action=commit
2025-06-22 10:53:00 | DEBUG | repo=Filmgunu | action=commit
2025-10-10 15:57:00 | INFO | repo=Filmgunu | action=pull
2025-11-25 12:57:00 | DEBUG | repo=Filmgunu | action=commit
2025-01-17 12:14:00 | DEBUG | repo=Filmgunu | action=commit
2025-07-26 14:39:00 | INFO | repo=Filmgunu | action=commit
2025-07-24 08:00:00 | WARN | repo=Filmgunu | action=commit
2025-10-02 17:28:00 | DEBUG | repo=Filmgunu | action=test | passed=true
2025-01-21 18:10:00 | INFO | repo=Filmgunu | action=commit
2025-07-26 16:57:00 | INFO | repo=Filmgunu | action=commit
2025-04-22 13:33:00 | DEBUG | repo=Filmgunu | action=commit
2025-05-09 19:02:00 | WARN | repo=Filmgunu | action=commit
2025-01-24 07:08:00 | INFO | repo=Filmgunu | action=commit
2025-06-27 11:27:00 | DEBUG | repo=Filmgunu | action=pull
2025-10-14 08:50:00 | INFO | repo=Filmgunu | action=commit
2025-04-26 21:31:00 | INFO | repo=Filmgunu | action=commit
2025-02-26 07:18:00 | WARN | repo=Filmgunu | action=commit
2025-08-07 15:03:00 | DEBUG | repo=Filmgunu | action=commit
2025-12-05 15:59:00 | WARN | repo=Filmgunu | action=commit
2025-09-06 07:55:00 | DEBUG | repo=Filmgunu | action=commit
2025-02-24 11:05:00 | DEBUG | repo=Filmgunu | action=pull
2025-11-02 07:59:00 | DEBUG | repo=Filmgunu | action=pull
2025-06-25 18:39:00 | WARN | repo=Filmgunu | action=commit
2025-08-01 17:37:00 | DEBUG | repo=Filmgunu | action=test | passed=true
2025-09-07 21:14:00 | DEBUG | repo=Filmgunu | action=test | passed=true
2026-08-15 18:37:00 | INFO | repo=Filmgunu | action=pull
2026-08-13 19:08:00 | INFO | repo=Filmgunu | action=commit
2026-01-23 08:11:00 | WARN | repo=Filmgunu | action=commit
2026-05-14 17:22:00 | INFO | repo=Filmgunu | action=pull
2026-09-26 20:59:00 | DEBUG | repo=Filmgunu | action=commit
2026-01-04 21:47:00 | WARN | repo=Filmgunu | action=test | passed=true
2026-05-27 18:17:00 | WARN | repo=Filmgunu | action=commit
2026-05-04 11:24:00 | DEBUG | repo=Filmgunu | action=test | passed=true
2026-06-02 10:34:00 | WARN | repo=Filmgunu | action=commit
2026-06-27 12:22:00 | DEBUG | repo=Filmgunu | action=commit
2026-05-09 08:49:00 | INFO | repo=Filmgunu | action=test | passed=true
2026-07-27 20:09:00 | DEBUG | repo=Filmgunu | action=commit
2026-09-13 08:32:00 | WARN | repo=Filmgunu | action=commit
2025-08-19 07:00:00 | DEBUG | repo=Filmgunu | action=commit
2025-03-26 13:06:00 | WARN | repo=Filmgunu | action=commit
2025-06-02 07:15:00 | INFO | repo=Filmgunu | action=commit
2025-11-20 08:09:00 | INFO | repo=Filmgunu | action=pull
2025-12-16 10:39:00 | WARN | repo=Filmgunu | action=commit
2025-07-04 12:07:00 | WARN | repo=Filmgunu | action=commit
2025-04-18 18:58:00 | WARN | repo=Filmgunu | action=edit | files=2
2025-01-15 21:09:00 | INFO | repo=Filmgunu | action=commit
2025-01-08 21:07:00 | INFO | repo=Filmgunu | action=commit
2025-11-17 14:01:00 | WARN | repo=Filmgunu | action=edit | files=2
2025-10-15 13:52:00 | INFO | repo=Filmgunu | action=commit
2025-01-08 11:16:00 | DEBUG | repo=Filmgunu | action=commit
2025-01-06 07:00:00 | WARN | repo=Filmgunu | action=commit
2025-01-12 07:52:00 | INFO | repo=Filmgunu | action=pull
2025-02-16 21:38:00 | INFO | repo=Filmgunu | action=commit
2025-07-22 08:32:00 | INFO | repo=Filmgunu | action=commit
2025-09-06 07:22:00 | INFO | repo=Filmgunu | action=commit
2025-09-02 15:05:00 | INFO | repo=Filmgunu | action=commit
2025-08-24 11:24:00 | DEBUG | repo=Filmgunu | action=commit
2025-08-21 12:17:00 | INFO | repo=Filmgunu | action=pull
2025-12-22 11:03:00 | DEBUG | repo=Filmgunu | action=commit
2025-06-12 12:01:00 | INFO | repo=Filmgunu | action=commit
2025-10-17 08:33:00 | WARN | repo=Filmgunu | action=test | passed=true
2025-06-13 21:06:00 | WARN | repo=Filmgunu | action=commit
2025-04-01 08:36:00 | DEBUG | repo=Filmgunu | action=pull
2025-05-16 19:31:00 | WARN | repo=Filmgunu | action=commit
2025-02-01 14:11:00 | DEBUG | repo=Filmgunu | action=commit
2025-03-08 18:08:00 | WARN | repo=Filmgunu | action=commit
2025-07-14 08:25:00 | DEBUG | repo=Filmgunu | action=commit
2025-09-01 11:36:00 | INFO | repo=Filmgunu | action=pull
2025-02-08 08:18:00 | INFO | repo=Filmgunu | action=commit
2025-08-16 18:28:00 | DEBUG | repo=Filmgunu | action=commit
2025-12-25 16:08:00 | DEBUG | repo=Filmgunu | action=commit
2025-10-23 13:42:00 | DEBUG | repo=Filmgunu | action=commit
2025-12-04 12:14:00 | INFO | repo=Filmgunu | action=commit
2025-07-20 19:45:00 | WARN | repo=Filmgunu | action=commit
2025-01-21 07:21:00 | WARN | repo=Filmgunu | action=commit
2025-09-25 09:01:00 | INFO | repo=Filmgunu | action=commit
2025-12-16 18:55:00 | DEBUG | repo=Filmgunu | action=commit
2025-09-02 07:20:00 | DEBUG | repo=Filmgunu | action=pull
2025-12-04 16:20:00 | WARN | repo=Filmgunu | action=commit
2025-03-09 10:30:00 | WARN | repo=Filmgunu | action=test | passed=true
2025-08-18 11:53:00 | WARN | repo=Filmgunu | action=edit | files=4
2025-02-01 16:16:00 | DEBUG | repo=Filmgunu | action=commit
2025-11-16 08:35:00 | DEBUG | repo=Filmgunu | action=commit
2025-11-05 08:40:00 | WARN | repo=Filmgunu | action=commit
2025-11-06 18:24:00 | WARN | repo=Filmgunu | action=commit
2025-03-06 20:37:00 | INFO | repo=Filmgunu | action=commit
2025-01-15 13:30:00 | WARN | repo=Filmgunu | action=commit
2025-01-12 18:20:00 | WARN | repo=Filmgunu | action=edit | files=3
2025-03-27 11:29:00 | WARN | repo=Filmgunu | action=commit
2025-01-06 08:23:00 | DEBUG | repo=Filmgunu | action=commit
2025-08-12 14:41:00 | DEBUG | repo=Filmgunu | action=commit
2025-09-06 10:49:00 | INFO | repo=Filmgunu | action=commit
2025-02-22 12:12:00 | INFO | repo=Filmgunu | action=commit
2025-12-04 21:34:00 | WARN | repo=Filmgunu | action=commit
2025-05-01 16:12:00 | WARN | repo=Filmgunu | action=edit | files=1
2025-10-04 13:39:00 | DEBUG | repo=Filmgunu | action=edit | files=5
2025-02-09 13:07:00 | INFO | repo=Filmgunu | action=commit
2025-11-22 08:52:00 | DEBUG | repo=Filmgunu | action=commit
2025-02-17T19:12:00 | nonce=3018111318971440968
2025-10-24T19:57:00 | nonce=7682222918685557168
2025-05-24T13:25:00 | nonce=16064868773472995844
2025-06-11T12:59:00 | nonce=1193775522465634500
2025-12-02T12:02:00 | nonce=13286587515792651766
2025-07-14T12:01:00 | nonce=6991636784416818706
2025-01-28T17:12:00 | nonce=8825509350204584031
2025-10-11T19:15:00 | nonce=9592523719734640770
2025-01-18T19:52:00 | nonce=12914495936787462794
2025-02-23T20:24:00 | nonce=4025717270476945919
2025-04-01T09:27:00 | nonce=17792271555478682910
2025-04-26T14:41:00 | nonce=4948830888569264687
2025-05-30T20:05:00 | nonce=12762622850669696499
2025-10-04T10:16:00 | nonce=3134859092190725109
2025-06-06T17:02:00 | nonce=2306663992066415159
2025-12-20T11:57:00 | nonce=2066576462700827221
2025-09-06T16:25:00 | nonce=3565184870324485555
2025-12-11T09:39:00 | nonce=14530863430063720692
2025-11-04T17:40:00 | nonce=318211418056727242
2025-04-13T15:43:00 | nonce=16597484914094029009
2025-10-01T10:28:00 | nonce=7879118515993024128
2025-09-13T13:13:00 | nonce=7747885206377104992
2025-04-05T13:49:00 | nonce=13978161869000043537
2025-12-15T09:57:00 | nonce=2875480296840114040
2025-02-14T14:17:00 | nonce=1178121874681580388
2025-08-06T20:38:00 | nonce=7876607572802861582
2025-04-12T18:39:00 | nonce=8995965567960940615
2025-01-27T14:12:00 | nonce=9333814700412722163
2025-11-04T18:08:00 | nonce=5949360170582881809
2025-02-09T15:58:00 | nonce=8456446037015878648
2025-05-30T18:25:00 | nonce=10801272299466115673
2025-11-05T10:31:00 | nonce=5972555120424384373
2025-12-06T14:03:00 | nonce=8181330399367290473
2025-12-30T13:02:00 | nonce=123646756649170825
2025-12-27T14:03:00 | nonce=16180884961306716529
2025-11-02T09:01:00 | nonce=17162445275485197651
2025-02-27T16:57:00 | nonce=3395113129783425371
2025-03-12T09:42:00 | nonce=2103154703732238148
2025-11-11T17:50:00 | nonce=4776440493064030922
2025-09-04T11:41:00 | nonce=1205706543582129740
2025-01-06T17:54:00 | nonce=1865948232456638275
2025-10-16T17:26:00 | nonce=9296594203200442373
2025-11-22T10:40:00 | nonce=11510582912155034541
2025-05-23T10:31:00 | nonce=6063935614373099674
2025-05-10T11:22:00 | nonce=11467608996580571465
2025-08-10T14:58:00 | nonce=12544231341521781433
2025-10-14T10:24:00 | nonce=7031576125771373340
2025-08-20T16:50:00 | nonce=11589380349173934263
2025-03-10T13:04:00 | nonce=14859292886364314619
2025-04-05T14:15:00 | nonce=13094514484392030999
2025-06-30T11:52:00 | nonce=10382298601862126306
2025-02-12T09:36:00 | nonce=14478000756939217837
2025-02-27T09:35:00 | nonce=2211130523349348040
2025-02-13T16:04:00 | nonce=5565379708056172888
2025-05-03T16:47:00 | nonce=13680707891616024392
2025-12-08T14:22:00 | nonce=17276324840166592975
2025-01-04T13:22:00 | nonce=3176483736788618840
2025-03-19T13:32:00 | nonce=1079796488071404893
2025-03-17T15:12:00 | nonce=9560886657547740720
2025-09-22T10:46:00 | nonce=12435027858335286066
2025-04-22T19:58:00 | nonce=16776551629135845488
2025-05-16T13:22:00 | nonce=12455998232847939192
2025-09-23T20:35:00 | nonce=15511742761113809186
2025-04-27T11:52:00 | nonce=13342200414714361497
2025-08-01T19:24:00 | nonce=135846481676439027
2025-06-04T09:31:00 | nonce=11772758273782513075
2025-03-03T17:00:00 | nonce=10076812117363761727
2025-06-04T20:37:00 | nonce=14313065459441260968
2025-11-03T15:25:00 | nonce=13831120637411929007
2025-04-17T16:15:00 | nonce=6751670931765207372
2025-05-05T20:21:00 | nonce=4668526140439558183
2025-03-10T11:08:00 | nonce=5864172865690946556
2025-12-06T19:25:00 | nonce=1989207784145905051
2025-10-21T17:00:00 | nonce=15221104928584086165
2025-01-09T20:02:00 | nonce=1503309768129594897
2025-03-14T10:02:00 | nonce=30635667956665415
2025-11-28T13:49:00 | nonce=10080728274890296546
2025-01-09T17:29:00 | nonce=8420146567897454335
